============================= test session starts =============================
platform win32 -- Python 3.14.6, pytest-9.1.1, pluggy-1.6.0 -- C:\Users\bruno\AppData\Local\Python\pythoncore-3.14-64\python.exe
cachedir: .pytest_cache
rootdir: C:\Users\bruno\OneDrive\Desktop\CW_TRANSPORTADORA
plugins: anyio-4.14.1, cov-4.1.0
collecting ... collected 62 items

testes/test_config.py::test_config_singleton PASSED                      [  1%]
testes/test_config.py::test_config_empresa PASSED                        [  3%]
testes/test_config.py::test_config_meta_lucro PASSED                     [  4%]
testes/test_config.py::test_config_imposto_percentual PASSED             [  6%]
testes/test_config.py::test_config_cores_tema PASSED                     [  8%]
testes/test_config.py::test_config_paleta_cores PASSED                   [  9%]
testes/test_criar_viagem_selection.py::test_adicionar_nota_na_selecao PASSED [ 11%]
testes/test_criar_viagem_selection.py::test_remover_nota_da_selecao PASSED [ 12%]
testes/test_criar_viagem_selection.py::test_salvar_e_carregar_rascunho_viagem PASSED [ 14%]
testes/test_criar_viagem_selection.py::test_adicionar_e_listar_historico_viagem PASSED [ 16%]
testes/test_helpers.py::test_formatar_moeda PASSED                       [ 17%]
testes/test_helpers.py::test_formatar_peso PASSED                        [ 19%]
testes/test_helpers.py::test_parse_numero PASSED                         [ 20%]
testes/test_helpers.py::test_parse_inteiro PASSED                        [ 22%]
testes/test_helpers.py::test_validar_cnpj PASSED                         [ 24%]
testes/test_helpers.py::test_validar_placa PASSED                        [ 25%]
testes/test_helpers.py::test_mascara_cnpj PASSED                         [ 27%]
testes/test_helpers.py::test_mascara_placa PASSED                        [ 29%]
testes/test_services_basicos.py::test_config_service PASSED              [ 30%]
testes/test_services_basicos.py::test_sync_service PASSED                [ 32%]
testes/test_services_basicos.py::test_dashboard_service PASSED           [ 33%]
testes/test_services_basicos.py::test_financeiro_service PASSED          [ 35%]
testes/test_services_basicos.py::test_frota_service PASSED               [ 37%]
testes/test_services_basicos.py::test_funcionarios_service PASSED        [ 38%]
testes/test_settings_offline.py::test_paths_centralizados PASSED         [ 40%]
testes/test_settings_offline.py::test_sync_offline_sem_quebrar PASSED    [ 41%]
testes/test_telas_smoke.py::test_tela_instancia_sem_erro[telas.dashboard-Dashboard] PASSED [ 43%]
testes/test_telas_smoke.py::test_tela_instancia_sem_erro[telas.operacoes-TelaOperacoes] PASSED [ 45%]
testes/test_telas_smoke.py::test_tela_instancia_sem_erro[telas.notas-TelaNotas] ERROR [ 46%]
testes/test_telas_smoke.py::test_tela_instancia_sem_erro[telas.criar_viagem-TelaCriarViagem] PASSED [ 48%]
testes/test_telas_smoke.py::test_tela_instancia_sem_erro[telas.historico-TelaHistorico] PASSED [ 50%]
testes/test_telas_smoke.py::test_tela_instancia_sem_erro[telas.ranking_clientes-TelaRankingClientes] PASSED [ 51%]
testes/test_telas_smoke.py::test_tela_instancia_sem_erro[telas.combustivel-TelaCombustivel] PASSED [ 53%]
testes/test_telas_smoke.py::test_tela_instancia_sem_erro[telas.contas-TelaContas] PASSED [ 54%]
testes/test_telas_smoke.py::test_tela_instancia_sem_erro[telas.relatorios-TelaRelatorios] PASSED [ 56%]
testes/test_telas_smoke.py::test_tela_instancia_sem_erro[telas.manutencao-TelaManutencao] PASSED [ 58%]
testes/test_telas_smoke.py::test_tela_instancia_sem_erro[telas.funcionarios-TelaFuncionarios] PASSED [ 59%]
testes/test_telas_smoke.py::test_tela_instancia_sem_erro[telas.configuracoes-TelaConfiguracoes] PASSED [ 61%]
testes/test_telas_smoke.py::test_loading_overlay_cria_e_destrói PASSED   [ 62%]
testes/test_telas_smoke.py::test_loading_overlay_destroy_seguro_sem_spinner PASSED [ 64%]
testes/test_update_service.py::test_load_current_version PASSED          [ 66%]
testes/test_update_service.py::test_compare_versions PASSED              [ 67%]
testes/test_update_service.py::test_check_for_updates_success PASSED     [ 69%]
testes/test_update_service.py::test_check_for_updates_no_update PASSED   [ 70%]
testes/test_update_service.py::test_check_for_updates_error PASSED       [ 72%]
testes/test_update_service.py::test_check_for_updates_without_releases PASSED [ 74%]
testes/test_update_service.py::test_download_update_success PASSED       [ 75%]
testes/test_update_service.py::test_install_update_windows PASSED        [ 77%]
testes/test_update_service.py::test_install_update_not_windows PASSED    [ 79%]
testes/test_viagem_service.py::test_buscar_clientes_termo_curto PASSED   [ 80%]
testes/test_viagem_service.py::test_buscar_clientes_sucesso PASSED       [ 82%]
testes/test_viagem_service.py::test_buscar_clientes_erro PASSED          [ 83%]
testes/test_viagem_service.py::test_listar_notas_cliente_sucesso PASSED  [ 85%]
testes/test_viagem_service.py::test_calcular_resumo_selecao_sucesso PASSED [ 87%]
testes/test_viagem_service.py::test_calcular_resumo_selecao_erro PASSED  [ 88%]
testes/test_viagem_service.py::test_criar_viagem_com_notas_sucesso PASSED [ 90%]
testes/test_viagem_service.py::test_criar_viagem_com_notas_sem_notas PASSED [ 91%]
testes/test_viagem_service.py::test_criar_viagem_com_notas_sem_motorista PASSED [ 93%]
testes/test_viagem_service.py::test_listar_caminhoes_disponiveis_sucesso PASSED [ 95%]
testes/test_viagem_service.py::test_validar_capacidade_sucesso PASSED    [ 96%]
testes/test_viagem_service.py::test_validar_capacidade_excedida PASSED   [ 98%]
testes/test_viagem_service.py::test_validar_capacidade_caminhao_nao_encontrado PASSED [100%]

=================================== ERRORS ====================================
____ ERROR at setup of test_tela_instancia_sem_erro[telas.notas-TelaNotas] ____
testes\test_telas_smoke.py:27: in tk_root
    root = ctk.CTk()
           ^^^^^^^^^
..\..\..\AppData\Local\Python\pythoncore-3.14-64\Lib\site-packages\customtkinter\windows\ctk_tk.py:40: in __init__
    CTK_PARENT_CLASS.__init__(self, **pop_from_dict_by_set(kwargs, self._valid_tk_constructor_arguments))
..\..\..\AppData\Local\Python\pythoncore-3.14-64\Lib\tkinter\__init__.py:2484: in __init__
    self.tk = _tkinter.create(screenName, baseName, className, interactive, wantobjects, useTk, sync, use)
              ^^^^^^^^^^^^^^^^^^^^^^^^^^^^^^^^^^^^^^^^^^^^^^^^^^^^^^^^^^^^^^^^^^^^^^^^^^^^^^^^^^^^^^^^^^^^
E   _tkinter.TclError: Can't find a usable init.tcl in the following directories: 
E       {C:\Users\bruno\AppData\Local\Python\pythoncore-3.14-64\tcl\tcl8.6}
E   
E   C:/Users/bruno/AppData/Local/Python/pythoncore-3.14-64/tcl/tcl8.6/init.tcl: couldn't read file "C:/Users/bruno/AppData/Local/Python/pythoncore-3.14-64/tcl/tcl8.6/init.tcl": No error
E   couldn't read file "C:/Users/bruno/AppData/Local/Python/pythoncore-3.14-64/tcl/tcl8.6/init.tcl": No error
E       while executing
E   "source C:/Users/bruno/AppData/Local/Python/pythoncore-3.14-64/tcl/tcl8.6/init.tcl"
E       ("uplevel" body line 1)
E       invoked from within
E   "uplevel #0 [list source $tclfile]"
E   
E   
E   This probably means that Tcl wasn't installed properly.
=========================== short test summary info ===========================
ERROR testes/test_telas_smoke.py::test_tela_instancia_sem_erro[telas.notas-TelaNotas]
========================= 61 passed, 1 error in 7.95s =========================
